
> rest-express@1.0.0 build
> node script/build.js

building client...
[36mvite v7.3.0 [32mbuilding client environment for production...[36m[39m
transforming...

[1m[33mwarn[39m[22m - The class `ease-[cubic-bezier(0.76,0,0.24,1)]` is ambiguous and matches multiple utilities.
[1m[33mwarn[39m[22m - If this is content and not a class, replace it with `ease-&lsqb;cubic-bezier(0.76,0,0.24,1)&rsqb;` to silence this warning.
[32m✓[39m 1166 modules transformed.
[31m✗[39m Build failed in 2.21s
[31m[vite:asset] Could not load C:\Users\krith\Downloads\Krithika-Portfolio\Krithika-Portfolio\attached_assets/hero.jpg (imported by client/src/pages/Home.jsx): ENOENT: no such file or directory, open 'C:\Users\krith\Downloads\Krithika-Portfolio\Krithika-Portfolio\attached_assets\hero.jpg'[39m
    at async open (node:internal/fs/promises:641:25)
    at async Object.readFile (node:internal/fs/promises:1279:14)
    at async fileToBuiltUrl (file:///C:/Users/krith/Downloads/Krithika-Portfolio/Krithika-Portfolio/node_modules/vite/dist/node/chunks/config.js:8777:18)
    at async Object.handler (file:///C:/Users/krith/Downloads/Krithika-Portfolio/Krithika-Portfolio/node_modules/vite/dist/node/chunks/config.js:8671:17)
    at async PluginDriver.hookFirstAndGetPlugin (file:///C:/Users/krith/Downloads/Krithika-Portfolio/Krithika-Portfolio/node_modules/rollup/dist/es/shared/node-entry.js:22376:28)
    at async file:///C:/Users/krith/Downloads/Krithika-Portfolio/Krithika-Portfolio/node_modules/rollup/dist/es/shared/node-entry.js:21376:33
    at async Queue.work (file:///C:/Users/krith/Downloads/Krithika-Portfolio/Krithika-Portfolio/node_modules/rollup/dist/es/shared/node-entry.js:22604:32) {
  errno: -4058,
  code: 'PLUGIN_ERROR',
  syscall: 'open',
  path: 'C:\\Users\\krith\\Downloads\\Krithika-Portfolio\\Krithika-Portfolio\\attached_assets\\hero.jpg',
  pluginCode: 'ENOENT',
  plugin: 'vite:asset',
  hook: 'load',
  watchFiles: [
    'C:/Users/krith/Downloads/Krithika-Portfolio/Krithika-Portfolio/client/index.html',
    'C:/Users/krith/Downloads/Krithika-Portfolio/Krithika-Portfolio/client/src/main.jsx',
    'C:\\Users\\krith\\Downloads\\Krithika-Portfolio\\Krithika-Portfolio\\package.json',
    'C:/Users/krith/Downloads/Krithika-Portfolio/Krithika-Portfolio/node_modules/react-dom/client.js',
    'C:/Users/krith/Downloads/Krithika-Portfolio/Krithika-Portfolio/node_modules/react/jsx-runtime.js',
    'C:/Users/krith/Downloads/Krithika-Portfolio/Krithika-Portfolio/client/src/App.jsx',
    'C:/Users/krith/Downloads/Krithika-Portfolio/Krithika-Portfolio/client/src/index.css',
    'C:/Users/krith/Downloads/Krithika-Portfolio/Krithika-Portfolio/client/src/hooks/use-portfolio.js',
    'C:/Users/krith/Downloads/Krithika-Portfolio/Krithika-Portfolio/client/src/hooks/use-toast.js',
    'C:/Users/krith/Downloads/Krithika-Portfolio/Krithika-Portfolio/client/src/lib/queryClient.js',
    'C:/Users/krith/Downloads/Krithika-Portfolio/Krithika-Portfolio/client/src/lib/utils.js',
    'C:/Users/krith/Downloads/Krithika-Portfolio/Krithika-Portfolio/client/src/components/Background.jsx',
    'C:/Users/krith/Downloads/Krithika-Portfolio/Krithika-Portfolio/client/src/components/Navigation.jsx',
    'C:/Users/krith/Downloads/Krithika-Portfolio/Krithika-Portfolio/client/src/components/Splash.jsx',
    'C:/Users/krith/Downloads/Krithika-Portfolio/Krithika-Portfolio/client/src/components/ThemeToggle.jsx',
    'C:/Users/krith/Downloads/Krithika-Portfolio/Krithika-Portfolio/client/src/components/ui/accordion.jsx',
    'C:/Users/krith/Downloads/Krithika-Portfolio/Krithika-Portfolio/client/src/components/ui/alert-dialog.jsx',
    'C:/Users/krith/Downloads/Krithika-Portfolio/Krithika-Portfolio/client/src/components/ui/alert.jsx',
    'C:/Users/krith/Downloads/Krithika-Portfolio/Krithika-Portfolio/client/src/components/ui/aspect-ratio.jsx',
    'C:/Users/krith/Downloads/Krithika-Portfolio/Krithika-Portfolio/client/src/components/ui/avatar.jsx',
    'C:/Users/krith/Downloads/Krithika-Portfolio/Krithika-Portfolio/client/src/components/ui/badge.jsx',
    'C:/Users/krith/Downloads/Krithika-Portfolio/Krithika-Portfolio/client/src/components/ui/breadcrumb.jsx',
    'C:/Users/krith/Downloads/Krithika-Portfolio/Krithika-Portfolio/client/src/components/ui/button.jsx',
    'C:/Users/krith/Downloads/Krithika-Portfolio/Krithika-Portfolio/client/src/components/ui/calendar.jsx',
    'C:/Users/krith/Downloads/Krithika-Portfolio/Krithika-Portfolio/client/src/components/ui/card.jsx',
    'C:/Users/krith/Downloads/Krithika-Portfolio/Krithika-Portfolio/client/src/components/ui/carousel.jsx',
    'C:/Users/krith/Downloads/Krithika-Portfolio/Krithika-Portfolio/client/src/components/ui/chart.jsx',
    'C:/Users/krith/Downloads/Krithika-Portfolio/Krithika-Portfolio/client/src/components/ui/checkbox.jsx',
    'C:/Users/krith/Downloads/Krithika-Portfolio/Krithika-Portfolio/client/src/components/ui/collapsible.jsx',
    'C:/Users/krith/Downloads/Krithika-Portfolio/Krithika-Portfolio/client/src/components/ui/command.jsx',
    'C:/Users/krith/Downloads/Krithika-Portfolio/Krithika-Portfolio/client/src/components/ui/context-menu.jsx',
    'C:/Users/krith/Downloads/Krithika-Portfolio/Krithika-Portfolio/client/src/components/ui/dialog.jsx',
    'C:/Users/krith/Downloads/Krithika-Portfolio/Krithika-Portfolio/client/src/components/ui/drawer.jsx',
    'C:/Users/krith/Downloads/Krithika-Portfolio/Krithika-Portfolio/client/src/components/ui/dropdown-menu.jsx',
    'C:/Users/krith/Downloads/Krithika-Portfolio/Krithika-Portfolio/client/src/components/ui/form.jsx',
    'C:/Users/krith/Downloads/Krithika-Portfolio/Krithika-Portfolio/client/src/components/ui/hover-card.jsx',
    'C:/Users/krith/Downloads/Krithika-Portfolio/Krithika-Portfolio/client/src/components/ui/input-otp.jsx',
    'C:/Users/krith/Downloads/Krithika-Portfolio/Krithika-Portfolio/client/src/components/ui/input.jsx',
    'C:/Users/krith/Downloads/Krithika-Portfolio/Krithika-Portfolio/client/src/components/ui/label.jsx',
    'C:/Users/krith/Downloads/Krithika-Portfolio/Krithika-Portfolio/client/src/components/ui/menubar.jsx',
    'C:/Users/krith/Downloads/Krithika-Portfolio/Krithika-Portfolio/client/src/components/ui/navigation-menu.jsx',
    'C:/Users/krith/Downloads/Krithika-Portfolio/Krithika-Portfolio/client/src/components/ui/pagination.jsx',
    'C:/Users/krith/Downloads/Krithika-Portfolio/Krithika-Portfolio/client/src/components/ui/popover.jsx',
    'C:/Users/krith/Downloads/Krithika-Portfolio/Krithika-Portfolio/client/src/components/ui/progress.jsx',
    'C:/Users/krith/Downloads/Krithika-Portfolio/Krithika-Portfolio/client/src/components/ui/radio-group.jsx',
    'C:/Users/krith/Downloads/Krithika-Portfolio/Krithika-Portfolio/client/src/components/ui/resizable.jsx',
    'C:/Users/krith/Downloads/Krithika-Portfolio/Krithika-Portfolio/client/src/components/ui/scroll-area.jsx',
    'C:/Users/krith/Downloads/Krithika-Portfolio/Krithika-Portfolio/client/src/components/ui/select.jsx',
    'C:/Users/krith/Downloads/Krithika-Portfolio/Krithika-Portfolio/client/src/components/ui/separator.jsx',
    'C:/Users/krith/Downloads/Krithika-Portfolio/Krithika-Portfolio/client/src/components/ui/sheet.jsx',
    'C:/Users/krith/Downloads/Krithika-Portfolio/Krithika-Portfolio/client/src/components/ui/sidebar.jsx',
    'C:/Users/krith/Downloads/Krithika-Portfolio/Krithika-Portfolio/client/src/components/ui/skeleton.jsx',
    'C:/Users/krith/Downloads/Krithika-Portfolio/Krithika-Portfolio/client/src/components/ui/slider.jsx',
    'C:/Users/krith/Downloads/Krithika-Portfolio/Krithika-Portfolio/client/src/components/ui/switch.jsx',
    'C:/Users/krith/Downloads/Krithika-Portfolio/Krithika-Portfolio/client/src/components/ui/table.jsx',
    'C:/Users/krith/Downloads/Krithika-Portfolio/Krithika-Portfolio/client/src/components/ui/tabs.jsx',
    'C:/Users/krith/Downloads/Krithika-Portfolio/Krithika-Portfolio/client/src/components/ui/textarea.jsx',
    'C:/Users/krith/Downloads/Krithika-Portfolio/Krithika-Portfolio/client/src/components/ui/toast.jsx',
    'C:/Users/krith/Downloads/Krithika-Portfolio/Krithika-Portfolio/client/src/components/ui/toaster.jsx',
    'C:/Users/krith/Downloads/Krithika-Portfolio/Krithika-Portfolio/client/src/components/ui/toggle-group.jsx',
    'C:/Users/krith/Downloads/Krithika-Portfolio/Krithika-Portfolio/client/src/components/ui/toggle.jsx',
    'C:/Users/krith/Downloads/Krithika-Portfolio/Krithika-Portfolio/client/src/components/ui/tooltip.jsx',
    'C:/Users/krith/Downloads/Krithika-Portfolio/Krithika-Portfolio/client/src/hooks/use-mobile.jsx',
    'C:/Users/krith/Downloads/Krithika-Portfolio/Krithika-Portfolio/client/src/pages/About.jsx',
    'C:/Users/krith/Downloads/Krithika-Portfolio/Krithika-Portfolio/client/src/pages/Achievements.jsx',
    'C:/Users/krith/Downloads/Krithika-Portfolio/Krithika-Portfolio/client/src/pages/Contact.jsx',
    'C:/Users/krith/Downloads/Krithika-Portfolio/Krithika-Portfolio/client/src/pages/Home.jsx',
    'C:/Users/krith/Downloads/Krithika-Portfolio/Krithika-Portfolio/client/src/pages/not-found.jsx',
    'C:/Users/krith/Downloads/Krithika-Portfolio/Krithika-Portfolio/client/src/pages/Projects.jsx',
    'C:/Users/krith/Downloads/Krithika-Portfolio/Krithika-Portfolio/client/src/pages/Skills.jsx',
    'C:/Users/krith/Downloads/Krithika-Portfolio/Krithika-Portfolio/tailwind.config.js',
    'C:/Users/krith/Downloads/Krithika-Portfolio/Krithika-Portfolio/node_modules/react-dom/index.js',
    'C:/Users/krith/Downloads/Krithika-Portfolio/Krithika-Portfolio/node_modules/react/cjs/react-jsx-runtime.production.min.js',
    'C:/Users/krith/Downloads/Krithika-Portfolio/Krithika-Portfolio/node_modules/react/index.js',
    'C:/Users/krith/Downloads/Krithika-Portfolio/Krithika-Portfolio/node_modules/wouter/esm/index.js',
    'C:/Users/krith/Downloads/Krithika-Portfolio/Krithika-Portfolio/node_modules/@tanstack/react-query/build/modern/index.js',
    'C:/Users/krith/Downloads/Krithika-Portfolio/Krithika-Portfolio/node_modules/framer-motion/dist/es/index.mjs',
    'C:/Users/krith/Downloads/Krithika-Portfolio/Krithika-Portfolio/node_modules/react-dom/cjs/react-dom.production.min.js',
    'C:/Users/krith/Downloads/Krithika-Portfolio/Krithika-Portfolio/node_modules/wouter/esm/react-deps.js',
    'C:/Users/krith/Downloads/Krithika-Portfolio/Krithika-Portfolio/node_modules/regexparam/dist/index.mjs',
    'C:/Users/krith/Downloads/Krithika-Portfolio/Krithika-Portfolio/node_modules/wouter/esm/use-browser-location.js',
    'C:/Users/krith/Downloads/Krithika-Portfolio/Krithika-Portfolio/node_modules/@tanstack/query-core/build/modern/index.js',
    'C:/Users/krith/Downloads/Krithika-Portfolio/Krithika-Portfolio/node_modules/@tanstack/react-query/build/modern/useQueries.js',
    'C:/Users/krith/Downloads/Krithika-Portfolio/Krithika-Portfolio/node_modules/@tanstack/react-query/build/modern/useSuspenseInfiniteQuery.js',
    'C:/Users/krith/Downloads/Krithika-Portfolio/Krithika-Portfolio/node_modules/@tanstack/react-query/build/modern/usePrefetchQuery.js',
    'C:/Users/krith/Downloads/Krithika-Portfolio/Krithika-Portfolio/node_modules/@tanstack/react-query/build/modern/useQuery.js',
    'C:/Users/krith/Downloads/Krithika-Portfolio/Krithika-Portfolio/node_modules/@tanstack/react-query/build/modern/useSuspenseQueries.js',
    'C:/Users/krith/Downloads/Krithika-Portfolio/Krithika-Portfolio/node_modules/@tanstack/react-query/build/modern/usePrefetchInfiniteQuery.js',
    'C:/Users/krith/Downloads/Krithika-Portfolio/Krithika-Portfolio/node_modules/@tanstack/react-query/build/modern/QueryClientProvider.js',
    'C:/Users/krith/Downloads/Krithika-Portfolio/Krithika-Portfolio/node_modules/@tanstack/react-query/build/modern/infiniteQueryOptions.js',
    'C:/Users/krith/Downloads/Krithika-Portfolio/Krithika-Portfolio/node_modules/@tanstack/react-query/build/modern/useSuspenseQuery.js',
    'C:/Users/krith/Downloads/Krithika-Portfolio/Krithika-Portfolio/node_modules/@tanstack/react-query/build/modern/queryOptions.js',
    'C:/Users/krith/Downloads/Krithika-Portfolio/Krithika-Portfolio/node_modules/@tanstack/react-query/build/modern/HydrationBoundary.js',
    'C:/Users/krith/Downloads/Krithika-Portfolio/Krithika-Portfolio/node_modules/@tanstack/react-query/build/modern/QueryErrorResetBoundary.js',
    'C:/Users/krith/Downloads/Krithika-Portfolio/Krithika-Portfolio/node_modules/@tanstack/react-query/build/modern/types.js',
    'C:/Users/krith/Downloads/Krithika-Portfolio/Krithika-Portfolio/node_modules/@tanstack/react-query/build/modern/isRestoring.js',
    'C:/Users/krith/Downloads/Krithika-Portfolio/Krithika-Portfolio/node_modules/@tanstack/react-query/build/modern/useInfiniteQuery.js',
    'C:/Users/krith/Downloads/Krithika-Portfolio/Krithika-Portfolio/node_modules/@tanstack/react-query/build/modern/useMutationState.js',
    'C:/Users/krith/Downloads/Krithika-Portfolio/Krithika-Portfolio/node_modules/@tanstack/react-query/build/modern/useIsFetching.js',
    'C:/Users/krith/Downloads/Krithika-Portfolio/Krithika-Portfolio/node_modules/@tanstack/react-query/build/modern/useMutation.js',
    ... 1112 more items
  ]
}
